<?xml version="1.0" encoding="UTF-8"?>
<!-- Generated by org.testng.reporters.JUnitReportReporter -->
<testsuite hostname="Shazias-MacBook-Pro.local" failures="0" tests="1" name="TestPipe.Spipe" time="19.601" errors="0" timestamp="2022-08-07T02:40:40 PKT" skipped="0">
  <testcase classname="TestPipe.Spipe" name="first" time="19.601"/>
  <system-out/>
</testsuite> <!-- TestPipe.Spipe -->
