<?xml version="1.0" encoding="UTF-8"?>
<!-- Generated by org.testng.reporters.JUnitReportReporter -->
<testsuite hostname="Shazias-MacBook-Pro.local" failures="0" tests="1" name="TestPipe.Spipe" time="49.740" errors="0" timestamp="2022-08-06T23:43:36 PKT" skipped="0">
  <testcase classname="TestPipe.Spipe" name="first" time="49.740"/>
  <system-out/>
</testsuite> <!-- TestPipe.Spipe -->
